app/build/outputs/logs/manifest-merger-debug-report.txt
-- Merging decision tree log ---
manifest
ADDED from src/main/AndroidManifest.xml:2:1-50:12
	package
		ADDED from src/main/AndroidManifest.xml:3:7-46
		INJECTED from src/main/AndroidManifest.xml
		INJECTED from src/main/AndroidManifest.xml
	android:versionName
		ADDED from src/main/AndroidManifest.xml:5:7-32
		INJECTED from src/main/AndroidManifest.xml
		INJECTED from src/main/AndroidManifest.xml
	android:versionCode
		ADDED from src/main/AndroidManifest.xml:4:7-30
		INJECTED from src/main/AndroidManifest.xml
		INJECTED from src/main/AndroidManifest.xml
	xmlns:android
		ADDED from src/main/AndroidManifest.xml:2:11-69
uses-sdk
ADDED from src/main/AndroidManifest.xml:6:1-38
	android:targetSdkVersion
		INJECTED from src/main/AndroidManifest.xml
		INJECTED from src/main/AndroidManifest.xml
	android:minSdkVersion
		ADDED from src/main/AndroidManifest.xml:6:11-36
		INJECTED from src/main/AndroidManifest.xml
		INJECTED from src/main/AndroidManifest.xml
supports-screens
ADDED from src/main/AndroidManifest.xml:7:1-10:46
	android:largeScreens
		ADDED from src/main/AndroidManifest.xml:9:19-46
	android:smallScreens
		ADDED from src/main/AndroidManifest.xml:7:19-46
	android:normalScreens
		ADDED from src/main/AndroidManifest.xml:8:19-47
	android:anyDensity
		ADDED from src/main/AndroidManifest.xml:10:19-44
uses-permission#android.permission.WRITE_EXTERNAL_STORAGE
ADDED from src/main/AndroidManifest.xml:11:1-76
	android:name
		ADDED from src/main/AndroidManifest.xml:11:18-74
uses-permission#android.permission.INTERNET
ADDED from src/main/AndroidManifest.xml:12:1-62
	android:name
		ADDED from src/main/AndroidManifest.xml:12:18-60
application
ADDED from src/main/AndroidManifest.xml:14:5-48:19
	android:label
		ADDED from src/main/AndroidManifest.xml:14:48-80
	android:debuggable
		ADDED from src/main/AndroidManifest.xml:14:81-106
	android:icon
		ADDED from src/main/AndroidManifest.xml:14:18-47
activity#com.tobias.vocabulary_trainer.VocabularyTrainer
ADDED from src/main/AndroidManifest.xml:15:9-22:20
	android:label
		ADDED from src/main/AndroidManifest.xml:17:19-51
	android:configChanges
		ADDED from src/main/AndroidManifest.xml:16:16-46
	android:name
		ADDED from src/main/AndroidManifest.xml:15:19-81
intent-filter#android.intent.action.MAIN+android.intent.category.LAUNCHER
ADDED from src/main/AndroidManifest.xml:18:13-21:29
action#android.intent.action.MAIN
ADDED from src/main/AndroidManifest.xml:19:17-69
	android:name
		ADDED from src/main/AndroidManifest.xml:19:25-66
category#android.intent.category.LAUNCHER
ADDED from src/main/AndroidManifest.xml:20:17-77
	android:name
		ADDED from src/main/AndroidManifest.xml:20:27-74
activity#com.tobias.vocabulary_trainer.Settings
ADDED from src/main/AndroidManifest.xml:24:5-25:52
	android:configChanges
		ADDED from src/main/AndroidManifest.xml:25:10-40
	android:name
		ADDED from src/main/AndroidManifest.xml:24:15-68
activity#com.tobias.vocabulary_trainer.ErrorNoVocabulariesList
ADDED from src/main/AndroidManifest.xml:27:5-29:14
	android:label
		ADDED from src/main/AndroidManifest.xml:28:4-39
	android:name
		ADDED from src/main/AndroidManifest.xml:27:15-83
activity#com.tobias.vocabulary_trainer.ErrorNoVocabularies
ADDED from src/main/AndroidManifest.xml:30:2-33:14
	android:label
		ADDED from src/main/AndroidManifest.xml:31:4-39
	android:theme
		ADDED from src/main/AndroidManifest.xml:32:4-47
	android:name
		ADDED from src/main/AndroidManifest.xml:30:12-76
activity#com.tobias.vocabulary_trainer.UpdateVocabularies
ADDED from src/main/AndroidManifest.xml:34:2-37:14
	android:label
		ADDED from src/main/AndroidManifest.xml:35:4-40
	android:theme
		ADDED from src/main/AndroidManifest.xml:36:4-47
	android:name
		ADDED from src/main/AndroidManifest.xml:34:12-75
activity#com.tobias.vocabulary_trainer.WarningReadVocabularies
ADDED from src/main/AndroidManifest.xml:38:2-41:14
	android:label
		ADDED from src/main/AndroidManifest.xml:39:4-41
	android:theme
		ADDED from src/main/AndroidManifest.xml:40:4-47
	android:name
		ADDED from src/main/AndroidManifest.xml:38:12-80
activity#com.tobias.vocabulary_trainer.Info
ADDED from src/main/AndroidManifest.xml:42:2-44:14
	android:label
		ADDED from src/main/AndroidManifest.xml:43:4-38
	android:name
		ADDED from src/main/AndroidManifest.xml:42:12-61
activity#com.tobias.vocabulary_trainer.Statistics
ADDED from src/main/AndroidManifest.xml:45:2-46:14
	android:name
		ADDED from src/main/AndroidManifest.xml:45:12-67